2026-05-27 14:20:21,947 - __main__ - INFO - ============================================================
2026-05-27 14:20:21,948 - __main__ - INFO - 🚀 MUTUELLE SOLIDAIRE - PRODUCTION
2026-05-27 14:20:21,951 - __main__ - INFO - ============================================================
2026-05-27 14:20:21,951 - __main__ - INFO - 📁 Dossier: C:\mutuelle_app
2026-05-27 14:20:21,951 - __main__ - INFO - 🌐 URL: http://0.0.0.0:8000
2026-05-27 14:20:21,952 - __main__ - INFO - 🧵 Threads: 4
2026-05-27 14:20:21,952 - __main__ - INFO - 🔗 Connections: 100
2026-05-27 14:20:21,952 - __main__ - INFO - ============================================================
2026-05-27 14:20:21,959 - waitress - INFO - Serving on http://0.0.0.0:8000
2026-05-27 14:24:39,085 - app - ERROR - Exception on /comptable/rapports [GET]
Traceback (most recent call last):
  File "C:\mutuelle_app\venv\Lib\site-packages\flask\app.py", line 1455, in wsgi_app
    response = self.full_dispatch_request()
  File "C:\mutuelle_app\venv\Lib\site-packages\flask\app.py", line 869, in full_dispatch_request
    rv = self.handle_user_exception(e)
  File "C:\mutuelle_app\venv\Lib\site-packages\flask\app.py", line 867, in full_dispatch_request
    rv = self.dispatch_request()
  File "C:\mutuelle_app\venv\Lib\site-packages\flask\app.py", line 852, in dispatch_request
    return self.ensure_sync(self.view_functions[rule.endpoint])(**view_args)
           ~~~~~~~~~~~~~~~~~~~~~~~~~~~~~~~~~~~~~~~~~~~~~~~~~~~~^^^^^^^^^^^^^
  File "C:\mutuelle_app\venv\Lib\site-packages\flask_login\utils.py", line 290, in decorated_view
    return current_app.ensure_sync(func)(*args, **kwargs)
           ~~~~~~~~~~~~~~~~~~~~~~~~~~~~~^^^^^^^^^^^^^^^^^
  File "C:\mutuelle_app\app.py", line 58, in decorated_function
    return f(*args, **kwargs)
  File "C:\mutuelle_app\app.py", line 698, in rapports_comptable
    return render_template('comptable/rapports.html',
                           annee=annee,
    ...<2 lines>...
                           total_dons=total_dons,
                           solde_annee=solde_annee)
  File "C:\mutuelle_app\venv\Lib\site-packages\flask\templating.py", line 151, in render_template
    template = app.jinja_env.get_or_select_template(template_name_or_list)
  File "C:\mutuelle_app\venv\Lib\site-packages\jinja2\environment.py", line 1087, in get_or_select_template
    return self.get_template(template_name_or_list, parent, globals)
           ~~~~~~~~~~~~~~~~~^^^^^^^^^^^^^^^^^^^^^^^^^^^^^^^^^^^^^^^^
  File "C:\mutuelle_app\venv\Lib\site-packages\jinja2\environment.py", line 1016, in get_template
    return self._load_template(name, globals)
           ~~~~~~~~~~~~~~~~~~~^^^^^^^^^^^^^^^
  File "C:\mutuelle_app\venv\Lib\site-packages\jinja2\environment.py", line 975, in _load_template
    template = self.loader.load(self, name, self.make_globals(globals))
  File "C:\mutuelle_app\venv\Lib\site-packages\jinja2\loaders.py", line 126, in load
    source, filename, uptodate = self.get_source(environment, name)
                                 ~~~~~~~~~~~~~~~^^^^^^^^^^^^^^^^^^^
  File "C:\mutuelle_app\venv\Lib\site-packages\flask\templating.py", line 65, in get_source
    return self._get_source_fast(environment, template)
           ~~~~~~~~~~~~~~~~~~~~~^^^^^^^^^^^^^^^^^^^^^^^
  File "C:\mutuelle_app\venv\Lib\site-packages\flask\templating.py", line 99, in _get_source_fast
    raise TemplateNotFound(template)
jinja2.exceptions.TemplateNotFound: comptable/rapports.html
2026-05-27 14:36:05,940 - __main__ - INFO - ============================================================
2026-05-27 14:36:05,941 - __main__ - INFO - 🚀 MUTUELLE SOLIDAIRE - PRODUCTION
2026-05-27 14:36:05,941 - __main__ - INFO - ============================================================
2026-05-27 14:36:05,941 - __main__ - INFO - 📁 Dossier: C:\mutuelle_app
2026-05-27 14:36:05,941 - __main__ - INFO - 🌐 URL: http://0.0.0.0:8000
2026-05-27 14:36:05,942 - __main__ - INFO - 🧵 Threads: 4
2026-05-27 14:36:05,942 - __main__ - INFO - 🔗 Connections: 100
2026-05-27 14:36:05,942 - __main__ - INFO - ============================================================
2026-05-27 14:36:05,950 - waitress - INFO - Serving on http://0.0.0.0:8000
2026-05-27 15:12:46,175 - __main__ - INFO - ============================================================
2026-05-27 15:12:46,175 - __main__ - INFO - 🚀 MUTUELLE SOLIDAIRE - PRODUCTION
2026-05-27 15:12:46,176 - __main__ - INFO - ============================================================
2026-05-27 15:12:46,176 - __main__ - INFO - 📁 Dossier: C:\mutuelle_app
2026-05-27 15:12:46,176 - __main__ - INFO - 🌐 URL: http://0.0.0.0:8000
2026-05-27 15:12:46,176 - __main__ - INFO - 🧵 Threads: 4
2026-05-27 15:12:46,177 - __main__ - INFO - 🔗 Connections: 100
2026-05-27 15:12:46,177 - __main__ - INFO - ============================================================
2026-05-27 15:12:46,185 - waitress - INFO - Serving on http://0.0.0.0:8000
2026-05-27 15:29:06,385 - __main__ - INFO - ============================================================
2026-05-27 15:29:06,386 - __main__ - INFO - 🚀 MUTUELLE SOLIDAIRE - PRODUCTION
2026-05-27 15:29:06,386 - __main__ - INFO - ============================================================
2026-05-27 15:29:06,386 - __main__ - INFO - 📁 Dossier: C:\mutuelle_app
2026-05-27 15:29:06,386 - __main__ - INFO - 🌐 URL: http://0.0.0.0:8000
2026-05-27 15:29:06,387 - __main__ - INFO - 🧵 Threads: 4
2026-05-27 15:29:06,387 - __main__ - INFO - 🔗 Connections: 100
2026-05-27 15:29:06,387 - __main__ - INFO - ============================================================
2026-05-27 15:29:06,392 - waitress - INFO - Serving on http://0.0.0.0:8000
2026-05-27 15:30:49,709 - flask_wtf.csrf - INFO - The CSRF token is missing.
2026-05-27 15:53:50,004 - __main__ - INFO - ============================================================
2026-05-27 15:53:50,005 - __main__ - INFO - 🚀 MUTUELLE SOLIDAIRE - PRODUCTION
2026-05-27 15:53:50,005 - __main__ - INFO - ============================================================
2026-05-27 15:53:50,006 - __main__ - INFO - 📁 Dossier: C:\mutuelle_app
2026-05-27 15:53:50,006 - __main__ - INFO - 🌐 URL: http://0.0.0.0:8000
2026-05-27 15:53:50,007 - __main__ - INFO - 🧵 Threads: 4
2026-05-27 15:53:50,008 - __main__ - INFO - 🔗 Connections: 100
2026-05-27 15:53:50,010 - __main__ - INFO - ============================================================
2026-05-27 15:53:50,029 - waitress - INFO - Serving on http://0.0.0.0:8000
2026-05-27 15:55:23,908 - flask_wtf.csrf - INFO - The CSRF token is missing.
2026-05-27 15:55:33,986 - flask_wtf.csrf - INFO - The CSRF token is missing.
2026-05-27 15:55:54,676 - app - ERROR - Exception on /don/ajouter [GET]
Traceback (most recent call last):
  File "C:\mutuelle_app\venv\Lib\site-packages\flask\app.py", line 1455, in wsgi_app
    response = self.full_dispatch_request()
  File "C:\mutuelle_app\venv\Lib\site-packages\flask\app.py", line 869, in full_dispatch_request
    rv = self.handle_user_exception(e)
  File "C:\mutuelle_app\venv\Lib\site-packages\flask\app.py", line 867, in full_dispatch_request
    rv = self.dispatch_request()
  File "C:\mutuelle_app\venv\Lib\site-packages\flask\app.py", line 852, in dispatch_request
    return self.ensure_sync(self.view_functions[rule.endpoint])(**view_args)
           ~~~~~~~~~~~~~~~~~~~~~~~~~~~~~~~~~~~~~~~~~~~~~~~~~~~~^^^^^^^^^^^^^
  File "C:\mutuelle_app\venv\Lib\site-packages\flask_login\utils.py", line 290, in decorated_view
    return current_app.ensure_sync(func)(*args, **kwargs)
           ~~~~~~~~~~~~~~~~~~~~~~~~~~~~~^^^^^^^^^^^^^^^^^
  File "C:\mutuelle_app\app.py", line 46, in decorated_function
    return f(*args, **kwargs)
  File "C:\mutuelle_app\app.py", line 460, in ajouter_don
    return render_template('finance/don_form.html')
  File "C:\mutuelle_app\venv\Lib\site-packages\flask\templating.py", line 152, in render_template
    return _render(app, template, context)
  File "C:\mutuelle_app\venv\Lib\site-packages\flask\templating.py", line 133, in _render
    rv = template.render(context)
  File "C:\mutuelle_app\venv\Lib\site-packages\jinja2\environment.py", line 1295, in render
    self.environment.handle_exception()
    ~~~~~~~~~~~~~~~~~~~~~~~~~~~~~~~~~^^
  File "C:\mutuelle_app\venv\Lib\site-packages\jinja2\environment.py", line 942, in handle_exception
    raise rewrite_traceback_stack(source=source)
  File "C:\mutuelle_app\templates\finance\don_form.html", line 1, in top-level template code
    {% extends "base.html" %}
  File "C:\mutuelle_app\templates\base.html", line 230, in top-level template code
    {% block content %}{% endblock %}
    ^^^^^^^^^^^^^^^^^
  File "C:\mutuelle_app\templates\finance\don_form.html", line 17, in block 'content'
    {{ form.hidden_tag() }}
    
  File "C:\mutuelle_app\venv\Lib\site-packages\jinja2\environment.py", line 490, in getattr
    return getattr(obj, attribute)
jinja2.exceptions.UndefinedError: 'form' is undefined
2026-05-27 15:56:08,316 - app - ERROR - Exception on /don/ajouter [GET]
Traceback (most recent call last):
  File "C:\mutuelle_app\venv\Lib\site-packages\flask\app.py", line 1455, in wsgi_app
    response = self.full_dispatch_request()
  File "C:\mutuelle_app\venv\Lib\site-packages\flask\app.py", line 869, in full_dispatch_request
    rv = self.handle_user_exception(e)
  File "C:\mutuelle_app\venv\Lib\site-packages\flask\app.py", line 867, in full_dispatch_request
    rv = self.dispatch_request()
  File "C:\mutuelle_app\venv\Lib\site-packages\flask\app.py", line 852, in dispatch_request
    return self.ensure_sync(self.view_functions[rule.endpoint])(**view_args)
           ~~~~~~~~~~~~~~~~~~~~~~~~~~~~~~~~~~~~~~~~~~~~~~~~~~~~^^^^^^^^^^^^^
  File "C:\mutuelle_app\venv\Lib\site-packages\flask_login\utils.py", line 290, in decorated_view
    return current_app.ensure_sync(func)(*args, **kwargs)
           ~~~~~~~~~~~~~~~~~~~~~~~~~~~~~^^^^^^^^^^^^^^^^^
  File "C:\mutuelle_app\app.py", line 46, in decorated_function
    return f(*args, **kwargs)
  File "C:\mutuelle_app\app.py", line 460, in ajouter_don
    return render_template('finance/don_form.html')
  File "C:\mutuelle_app\venv\Lib\site-packages\flask\templating.py", line 152, in render_template
    return _render(app, template, context)
  File "C:\mutuelle_app\venv\Lib\site-packages\flask\templating.py", line 133, in _render
    rv = template.render(context)
  File "C:\mutuelle_app\venv\Lib\site-packages\jinja2\environment.py", line 1295, in render
    self.environment.handle_exception()
    ~~~~~~~~~~~~~~~~~~~~~~~~~~~~~~~~~^^
  File "C:\mutuelle_app\venv\Lib\site-packages\jinja2\environment.py", line 942, in handle_exception
    raise rewrite_traceback_stack(source=source)
  File "C:\mutuelle_app\templates\finance\don_form.html", line 1, in top-level template code
    {% extends "base.html" %}
  File "C:\mutuelle_app\templates\base.html", line 230, in top-level template code
    {% block content %}{% endblock %}
    ^^^^^^^^^^^^^^^^^
  File "C:\mutuelle_app\templates\finance\don_form.html", line 17, in block 'content'
    {{ form.hidden_tag() }}
    
  File "C:\mutuelle_app\venv\Lib\site-packages\jinja2\environment.py", line 490, in getattr
    return getattr(obj, attribute)
jinja2.exceptions.UndefinedError: 'form' is undefined
2026-05-27 15:56:12,958 - app - ERROR - Exception on /don/ajouter [GET]
Traceback (most recent call last):
  File "C:\mutuelle_app\venv\Lib\site-packages\flask\app.py", line 1455, in wsgi_app
    response = self.full_dispatch_request()
  File "C:\mutuelle_app\venv\Lib\site-packages\flask\app.py", line 869, in full_dispatch_request
    rv = self.handle_user_exception(e)
  File "C:\mutuelle_app\venv\Lib\site-packages\flask\app.py", line 867, in full_dispatch_request
    rv = self.dispatch_request()
  File "C:\mutuelle_app\venv\Lib\site-packages\flask\app.py", line 852, in dispatch_request
    return self.ensure_sync(self.view_functions[rule.endpoint])(**view_args)
           ~~~~~~~~~~~~~~~~~~~~~~~~~~~~~~~~~~~~~~~~~~~~~~~~~~~~^^^^^^^^^^^^^
  File "C:\mutuelle_app\venv\Lib\site-packages\flask_login\utils.py", line 290, in decorated_view
    return current_app.ensure_sync(func)(*args, **kwargs)
           ~~~~~~~~~~~~~~~~~~~~~~~~~~~~~^^^^^^^^^^^^^^^^^
  File "C:\mutuelle_app\app.py", line 46, in decorated_function
    return f(*args, **kwargs)
  File "C:\mutuelle_app\app.py", line 460, in ajouter_don
    return render_template('finance/don_form.html')
  File "C:\mutuelle_app\venv\Lib\site-packages\flask\templating.py", line 152, in render_template
    return _render(app, template, context)
  File "C:\mutuelle_app\venv\Lib\site-packages\flask\templating.py", line 133, in _render
    rv = template.render(context)
  File "C:\mutuelle_app\venv\Lib\site-packages\jinja2\environment.py", line 1295, in render
    self.environment.handle_exception()
    ~~~~~~~~~~~~~~~~~~~~~~~~~~~~~~~~~^^
  File "C:\mutuelle_app\venv\Lib\site-packages\jinja2\environment.py", line 942, in handle_exception
    raise rewrite_traceback_stack(source=source)
  File "C:\mutuelle_app\templates\finance\don_form.html", line 1, in top-level template code
    {% extends "base.html" %}
  File "C:\mutuelle_app\templates\base.html", line 230, in top-level template code
    {% block content %}{% endblock %}
    ^^^^^^^^^^^^^^^^^
  File "C:\mutuelle_app\templates\finance\don_form.html", line 17, in block 'content'
    {{ form.hidden_tag() }}
    
  File "C:\mutuelle_app\venv\Lib\site-packages\jinja2\environment.py", line 490, in getattr
    return getattr(obj, attribute)
jinja2.exceptions.UndefinedError: 'form' is undefined
2026-05-27 15:58:40,451 - __main__ - INFO - ============================================================
2026-05-27 15:58:40,451 - __main__ - INFO - 🚀 MUTUELLE SOLIDAIRE - PRODUCTION
2026-05-27 15:58:40,452 - __main__ - INFO - ============================================================
2026-05-27 15:58:40,452 - __main__ - INFO - 📁 Dossier: C:\mutuelle_app
2026-05-27 15:58:40,452 - __main__ - INFO - 🌐 URL: http://0.0.0.0:8000
2026-05-27 15:58:40,452 - __main__ - INFO - 🧵 Threads: 4
2026-05-27 15:58:40,453 - __main__ - INFO - 🔗 Connections: 100
2026-05-27 15:58:40,453 - __main__ - INFO - ============================================================
2026-05-27 15:58:40,458 - waitress - INFO - Serving on http://0.0.0.0:8000
2026-05-27 17:53:22,715 - __main__ - INFO - ============================================================
2026-05-27 17:53:22,716 - __main__ - INFO - 🚀 MUTUELLE SOLIDAIRE - PRODUCTION
2026-05-27 17:53:22,717 - __main__ - INFO - ============================================================
2026-05-27 17:53:22,717 - __main__ - INFO - 📁 Dossier: C:\mutuelle_app
2026-05-27 17:53:22,718 - __main__ - INFO - 🌐 URL: http://0.0.0.0:8000
2026-05-27 17:53:22,718 - __main__ - INFO - 🧵 Threads: 4
2026-05-27 17:53:22,718 - __main__ - INFO - 🔗 Connections: 100
2026-05-27 17:53:22,718 - __main__ - INFO - ============================================================
2026-05-27 17:53:22,726 - waitress - INFO - Serving on http://0.0.0.0:8000
2026-05-27 18:29:36,673 - __main__ - INFO - ============================================================
2026-05-27 18:29:36,673 - __main__ - INFO - 🚀 MUTUELLE SOLIDAIRE - PRODUCTION
2026-05-27 18:29:36,674 - __main__ - INFO - ============================================================
2026-05-27 18:29:36,674 - __main__ - INFO - 📁 Dossier: C:\mutuelle_app
2026-05-27 18:29:36,674 - __main__ - INFO - 🌐 URL: http://0.0.0.0:8000
2026-05-27 18:29:36,675 - __main__ - INFO - 🧵 Threads: 4
2026-05-27 18:29:36,675 - __main__ - INFO - 🔗 Connections: 100
2026-05-27 18:29:36,675 - __main__ - INFO - ============================================================
2026-05-27 18:29:36,682 - waitress - INFO - Serving on http://0.0.0.0:8000
2026-05-27 18:31:54,270 - app - ERROR - Exception on /rapports [GET]
Traceback (most recent call last):
  File "C:\mutuelle_app\venv\Lib\site-packages\flask\app.py", line 1455, in wsgi_app
    response = self.full_dispatch_request()
  File "C:\mutuelle_app\venv\Lib\site-packages\flask\app.py", line 869, in full_dispatch_request
    rv = self.handle_user_exception(e)
  File "C:\mutuelle_app\venv\Lib\site-packages\flask\app.py", line 867, in full_dispatch_request
    rv = self.dispatch_request()
  File "C:\mutuelle_app\venv\Lib\site-packages\flask\app.py", line 852, in dispatch_request
    return self.ensure_sync(self.view_functions[rule.endpoint])(**view_args)
           ~~~~~~~~~~~~~~~~~~~~~~~~~~~~~~~~~~~~~~~~~~~~~~~~~~~~^^^^^^^^^^^^^
  File "C:\mutuelle_app\venv\Lib\site-packages\flask_login\utils.py", line 290, in decorated_view
    return current_app.ensure_sync(func)(*args, **kwargs)
           ~~~~~~~~~~~~~~~~~~~~~~~~~~~~~^^^^^^^^^^^^^^^^^
  File "C:\mutuelle_app\app.py", line 46, in decorated_function
    return f(*args, **kwargs)
  File "C:\mutuelle_app\app.py", line 740, in rapports
    return render_template('rapports/index.html',
                           annee_selectionnee=annee,
    ...<14 lines>...
                           taux_aides=0,
                           solde_cumule_final=solde_annuel)
  File "C:\mutuelle_app\venv\Lib\site-packages\flask\templating.py", line 151, in render_template
    template = app.jinja_env.get_or_select_template(template_name_or_list)
  File "C:\mutuelle_app\venv\Lib\site-packages\jinja2\environment.py", line 1087, in get_or_select_template
    return self.get_template(template_name_or_list, parent, globals)
           ~~~~~~~~~~~~~~~~~^^^^^^^^^^^^^^^^^^^^^^^^^^^^^^^^^^^^^^^^
  File "C:\mutuelle_app\venv\Lib\site-packages\jinja2\environment.py", line 1016, in get_template
    return self._load_template(name, globals)
           ~~~~~~~~~~~~~~~~~~~^^^^^^^^^^^^^^^
  File "C:\mutuelle_app\venv\Lib\site-packages\jinja2\environment.py", line 975, in _load_template
    template = self.loader.load(self, name, self.make_globals(globals))
  File "C:\mutuelle_app\venv\Lib\site-packages\jinja2\loaders.py", line 138, in load
    code = environment.compile(source, name, filename)
  File "C:\mutuelle_app\venv\Lib\site-packages\jinja2\environment.py", line 771, in compile
    self.handle_exception(source=source_hint)
    ~~~~~~~~~~~~~~~~~~~~~^^^^^^^^^^^^^^^^^^^^
  File "C:\mutuelle_app\venv\Lib\site-packages\jinja2\environment.py", line 942, in handle_exception
    raise rewrite_traceback_stack(source=source)
  File "C:\mutuelle_app\templates\rapports\index.html", line 489, in template
    {{ total_adhesions_annee }}
    ^^^^^
jinja2.exceptions.TemplateSyntaxError: Unexpected end of template. Jinja was looking for the following tags: 'endblock'. The innermost block that needs to be closed is 'block'.
2026-05-27 18:45:21,510 - app - ERROR - Exception on /rapports [GET]
Traceback (most recent call last):
  File "C:\mutuelle_app\venv\Lib\site-packages\flask\app.py", line 1455, in wsgi_app
    response = self.full_dispatch_request()
  File "C:\mutuelle_app\venv\Lib\site-packages\flask\app.py", line 869, in full_dispatch_request
    rv = self.handle_user_exception(e)
  File "C:\mutuelle_app\venv\Lib\site-packages\flask\app.py", line 867, in full_dispatch_request
    rv = self.dispatch_request()
  File "C:\mutuelle_app\venv\Lib\site-packages\flask\app.py", line 852, in dispatch_request
    return self.ensure_sync(self.view_functions[rule.endpoint])(**view_args)
           ~~~~~~~~~~~~~~~~~~~~~~~~~~~~~~~~~~~~~~~~~~~~~~~~~~~~^^^^^^^^^^^^^
  File "C:\mutuelle_app\venv\Lib\site-packages\flask_login\utils.py", line 290, in decorated_view
    return current_app.ensure_sync(func)(*args, **kwargs)
           ~~~~~~~~~~~~~~~~~~~~~~~~~~~~~^^^^^^^^^^^^^^^^^
  File "C:\mutuelle_app\app.py", line 46, in decorated_function
    return f(*args, **kwargs)
  File "C:\mutuelle_app\app.py", line 740, in rapports
    return render_template('rapports/index.html',
                           annee_selectionnee=annee,
    ...<14 lines>...
                           taux_aides=0,
                           solde_cumule_final=solde_annuel)
  File "C:\mutuelle_app\venv\Lib\site-packages\flask\templating.py", line 151, in render_template
    template = app.jinja_env.get_or_select_template(template_name_or_list)
  File "C:\mutuelle_app\venv\Lib\site-packages\jinja2\environment.py", line 1087, in get_or_select_template
    return self.get_template(template_name_or_list, parent, globals)
           ~~~~~~~~~~~~~~~~~^^^^^^^^^^^^^^^^^^^^^^^^^^^^^^^^^^^^^^^^
  File "C:\mutuelle_app\venv\Lib\site-packages\jinja2\environment.py", line 1016, in get_template
    return self._load_template(name, globals)
           ~~~~~~~~~~~~~~~~~~~^^^^^^^^^^^^^^^
  File "C:\mutuelle_app\venv\Lib\site-packages\jinja2\environment.py", line 975, in _load_template
    template = self.loader.load(self, name, self.make_globals(globals))
  File "C:\mutuelle_app\venv\Lib\site-packages\jinja2\loaders.py", line 138, in load
    code = environment.compile(source, name, filename)
  File "C:\mutuelle_app\venv\Lib\site-packages\jinja2\environment.py", line 771, in compile
    self.handle_exception(source=source_hint)
    ~~~~~~~~~~~~~~~~~~~~~^^^^^^^^^^^^^^^^^^^^
  File "C:\mutuelle_app\venv\Lib\site-packages\jinja2\environment.py", line 942, in handle_exception
    raise rewrite_traceback_stack(source=source)
  File "C:\mutuelle_app\templates\rapports\index.html", line 489, in template
    {{ total_adhesions_annee }}
    ^^^^^
jinja2.exceptions.TemplateSyntaxError: Unexpected end of template. Jinja was looking for the following tags: 'endblock'. The innermost block that needs to be closed is 'block'.
2026-05-27 18:48:55,023 - app - ERROR - Exception on /rapports [GET]
Traceback (most recent call last):
  File "C:\mutuelle_app\venv\Lib\site-packages\flask\app.py", line 1455, in wsgi_app
    response = self.full_dispatch_request()
  File "C:\mutuelle_app\venv\Lib\site-packages\flask\app.py", line 869, in full_dispatch_request
    rv = self.handle_user_exception(e)
  File "C:\mutuelle_app\venv\Lib\site-packages\flask\app.py", line 867, in full_dispatch_request
    rv = self.dispatch_request()
  File "C:\mutuelle_app\venv\Lib\site-packages\flask\app.py", line 852, in dispatch_request
    return self.ensure_sync(self.view_functions[rule.endpoint])(**view_args)
           ~~~~~~~~~~~~~~~~~~~~~~~~~~~~~~~~~~~~~~~~~~~~~~~~~~~~^^^^^^^^^^^^^
  File "C:\mutuelle_app\venv\Lib\site-packages\flask_login\utils.py", line 290, in decorated_view
    return current_app.ensure_sync(func)(*args, **kwargs)
           ~~~~~~~~~~~~~~~~~~~~~~~~~~~~~^^^^^^^^^^^^^^^^^
  File "C:\mutuelle_app\app.py", line 46, in decorated_function
    return f(*args, **kwargs)
  File "C:\mutuelle_app\app.py", line 740, in rapports
    return render_template('rapports/index.html',
                           annee_selectionnee=annee,
    ...<14 lines>...
                           taux_aides=0,
                           solde_cumule_final=solde_annuel)
  File "C:\mutuelle_app\venv\Lib\site-packages\flask\templating.py", line 151, in render_template
    template = app.jinja_env.get_or_select_template(template_name_or_list)
  File "C:\mutuelle_app\venv\Lib\site-packages\jinja2\environment.py", line 1087, in get_or_select_template
    return self.get_template(template_name_or_list, parent, globals)
           ~~~~~~~~~~~~~~~~~^^^^^^^^^^^^^^^^^^^^^^^^^^^^^^^^^^^^^^^^
  File "C:\mutuelle_app\venv\Lib\site-packages\jinja2\environment.py", line 1016, in get_template
    return self._load_template(name, globals)
           ~~~~~~~~~~~~~~~~~~~^^^^^^^^^^^^^^^
  File "C:\mutuelle_app\venv\Lib\site-packages\jinja2\environment.py", line 975, in _load_template
    template = self.loader.load(self, name, self.make_globals(globals))
  File "C:\mutuelle_app\venv\Lib\site-packages\jinja2\loaders.py", line 138, in load
    code = environment.compile(source, name, filename)
  File "C:\mutuelle_app\venv\Lib\site-packages\jinja2\environment.py", line 771, in compile
    self.handle_exception(source=source_hint)
    ~~~~~~~~~~~~~~~~~~~~~^^^^^^^^^^^^^^^^^^^^
  File "C:\mutuelle_app\venv\Lib\site-packages\jinja2\environment.py", line 942, in handle_exception
    raise rewrite_traceback_stack(source=source)
  File "C:\mutuelle_app\templates\rapports\index.html", line 489, in template
    {{ total_adhesions_annee }}
    ^^^^^
jinja2.exceptions.TemplateSyntaxError: Unexpected end of template. Jinja was looking for the following tags: 'endblock'. The innermost block that needs to be closed is 'block'.
2026-05-27 20:02:50,485 - __main__ - INFO - ============================================================
2026-05-27 20:02:50,486 - __main__ - INFO - 🚀 MUTUELLE SOLIDAIRE - PRODUCTION
2026-05-27 20:02:50,487 - __main__ - INFO - ============================================================
2026-05-27 20:02:50,487 - __main__ - INFO - 📁 Dossier: C:\mutuelle_app
2026-05-27 20:02:50,487 - __main__ - INFO - 🌐 URL: http://0.0.0.0:8000
2026-05-27 20:02:50,488 - __main__ - INFO - 🧵 Threads: 4
2026-05-27 20:02:50,488 - __main__ - INFO - 🔗 Connections: 100
2026-05-27 20:02:50,488 - __main__ - INFO - ============================================================
2026-05-27 20:02:50,497 - waitress - INFO - Serving on http://0.0.0.0:8000
