2026-07-06 14:54:10,365 - __main__ - INFO - ============================================================
2026-07-06 14:54:10,366 - __main__ - INFO - 🚀 MUTUELLE SOLIDAIRE - PRODUCTION
2026-07-06 14:54:10,367 - __main__ - INFO - ============================================================
2026-07-06 14:54:10,367 - __main__ - INFO - 📁 Dossier: C:\mutuelle_app
2026-07-06 14:54:10,367 - __main__ - INFO - 🌐 URL: http://0.0.0.0:8000
2026-07-06 14:54:10,367 - __main__ - INFO - 🧵 Threads: 4
2026-07-06 14:54:10,368 - __main__ - INFO - 🔗 Connections: 100
2026-07-06 14:54:10,368 - __main__ - INFO - ============================================================
2026-07-06 14:54:10,374 - waitress - INFO - Serving on http://0.0.0.0:8000
2026-07-06 14:55:16,204 - app - ERROR - Exception on /login [GET]
Traceback (most recent call last):
  File "C:\mutuelle_app\venv\Lib\site-packages\flask\app.py", line 1455, in wsgi_app
    response = self.full_dispatch_request()
  File "C:\mutuelle_app\venv\Lib\site-packages\flask\app.py", line 869, in full_dispatch_request
    rv = self.handle_user_exception(e)
  File "C:\mutuelle_app\venv\Lib\site-packages\flask\app.py", line 867, in full_dispatch_request
    rv = self.dispatch_request()
  File "C:\mutuelle_app\venv\Lib\site-packages\flask\app.py", line 852, in dispatch_request
    return self.ensure_sync(self.view_functions[rule.endpoint])(**view_args)
           ~~~~~~~~~~~~~~~~~~~~~~~~~~~~~~~~~~~~~~~~~~~~~~~~~~~~^^^^^^^^^^^^^
  File "C:\mutuelle_app\app.py", line 287, in login
    return render_template('auth/login.html', form=form)
  File "C:\mutuelle_app\venv\Lib\site-packages\flask\templating.py", line 152, in render_template
    return _render(app, template, context)
  File "C:\mutuelle_app\venv\Lib\site-packages\flask\templating.py", line 133, in _render
    rv = template.render(context)
  File "C:\mutuelle_app\venv\Lib\site-packages\jinja2\environment.py", line 1295, in render
    self.environment.handle_exception()
    ~~~~~~~~~~~~~~~~~~~~~~~~~~~~~~~~~^^
  File "C:\mutuelle_app\venv\Lib\site-packages\jinja2\environment.py", line 942, in handle_exception
    raise rewrite_traceback_stack(source=source)
  File "C:\mutuelle_app\templates\auth\login.html", line 1, in top-level template code
    {% extends "base.html" %}
  File "C:\mutuelle_app\templates\base.html", line 174, in top-level template code
    <a class="nav-link" href="{{ url_for('#') }}">
    
  File "C:\mutuelle_app\venv\Lib\site-packages\flask\app.py", line 1071, in url_for
    return self.handle_url_build_error(error, endpoint, values)
           ~~~~~~~~~~~~~~~~~~~~~~~~~~~^^^^^^^^^^^^^^^^^^^^^^^^^
  File "C:\mutuelle_app\venv\Lib\site-packages\flask\app.py", line 1060, in url_for
    rv = url_adapter.build(  # type: ignore[union-attr]
        endpoint,
    ...<3 lines>...
        force_external=_external,
    )
  File "C:\mutuelle_app\venv\Lib\site-packages\werkzeug\routing\map.py", line 919, in build
    raise BuildError(endpoint, values, method, self)
werkzeug.routing.exceptions.BuildError: Could not build url for endpoint '#'. Did you mean 'static' instead?
2026-07-06 14:55:16,248 - waitress - ERROR - Exception while serving /login
Traceback (most recent call last):
  File "C:\mutuelle_app\venv\Lib\site-packages\flask\app.py", line 1455, in wsgi_app
    response = self.full_dispatch_request()
  File "C:\mutuelle_app\venv\Lib\site-packages\flask\app.py", line 869, in full_dispatch_request
    rv = self.handle_user_exception(e)
  File "C:\mutuelle_app\venv\Lib\site-packages\flask\app.py", line 867, in full_dispatch_request
    rv = self.dispatch_request()
  File "C:\mutuelle_app\venv\Lib\site-packages\flask\app.py", line 852, in dispatch_request
    return self.ensure_sync(self.view_functions[rule.endpoint])(**view_args)
           ~~~~~~~~~~~~~~~~~~~~~~~~~~~~~~~~~~~~~~~~~~~~~~~~~~~~^^^^^^^^^^^^^
  File "C:\mutuelle_app\app.py", line 287, in login
    return render_template('auth/login.html', form=form)
  File "C:\mutuelle_app\venv\Lib\site-packages\flask\templating.py", line 152, in render_template
    return _render(app, template, context)
  File "C:\mutuelle_app\venv\Lib\site-packages\flask\templating.py", line 133, in _render
    rv = template.render(context)
  File "C:\mutuelle_app\venv\Lib\site-packages\jinja2\environment.py", line 1295, in render
    self.environment.handle_exception()
    ~~~~~~~~~~~~~~~~~~~~~~~~~~~~~~~~~^^
  File "C:\mutuelle_app\venv\Lib\site-packages\jinja2\environment.py", line 942, in handle_exception
    raise rewrite_traceback_stack(source=source)
  File "C:\mutuelle_app\templates\auth\login.html", line 1, in top-level template code
    {% extends "base.html" %}
  File "C:\mutuelle_app\templates\base.html", line 174, in top-level template code
    <a class="nav-link" href="{{ url_for('#') }}">
    
  File "C:\mutuelle_app\venv\Lib\site-packages\flask\app.py", line 1071, in url_for
    return self.handle_url_build_error(error, endpoint, values)
           ~~~~~~~~~~~~~~~~~~~~~~~~~~~^^^^^^^^^^^^^^^^^^^^^^^^^
  File "C:\mutuelle_app\venv\Lib\site-packages\flask\app.py", line 1060, in url_for
    rv = url_adapter.build(  # type: ignore[union-attr]
        endpoint,
    ...<3 lines>...
        force_external=_external,
    )
  File "C:\mutuelle_app\venv\Lib\site-packages\werkzeug\routing\map.py", line 919, in build
    raise BuildError(endpoint, values, method, self)
werkzeug.routing.exceptions.BuildError: Could not build url for endpoint '#'. Did you mean 'static' instead?

During handling of the above exception, another exception occurred:

Traceback (most recent call last):
  File "C:\mutuelle_app\venv\Lib\site-packages\waitress\channel.py", line 428, in service
    task.service()
    ~~~~~~~~~~~~^^
  File "C:\mutuelle_app\venv\Lib\site-packages\waitress\task.py", line 168, in service
    self.execute()
    ~~~~~~~~~~~~^^
  File "C:\mutuelle_app\venv\Lib\site-packages\waitress\task.py", line 436, in execute
    app_iter = self.channel.server.application(environ, start_response)
  File "C:\mutuelle_app\venv\Lib\site-packages\waitress\proxy_headers.py", line 64, in translate_proxy_headers
    return app(environ, start_response)
  File "C:\mutuelle_app\venv\Lib\site-packages\flask\app.py", line 1478, in __call__
    return self.wsgi_app(environ, start_response)
           ~~~~~~~~~~~~~^^^^^^^^^^^^^^^^^^^^^^^^^
  File "C:\mutuelle_app\venv\Lib\site-packages\flask\app.py", line 1458, in wsgi_app
    response = self.handle_exception(e)
  File "C:\mutuelle_app\venv\Lib\site-packages\flask\app.py", line 810, in handle_exception
    server_error = self.ensure_sync(handler)(server_error)
  File "C:\mutuelle_app\app.py", line 1704, in internal_server_error
    return render_template('errors/500.html'), 500
           ~~~~~~~~~~~~~~~^^^^^^^^^^^^^^^^^^^
  File "C:\mutuelle_app\venv\Lib\site-packages\flask\templating.py", line 152, in render_template
    return _render(app, template, context)
  File "C:\mutuelle_app\venv\Lib\site-packages\flask\templating.py", line 133, in _render
    rv = template.render(context)
  File "C:\mutuelle_app\venv\Lib\site-packages\jinja2\environment.py", line 1295, in render
    self.environment.handle_exception()
    ~~~~~~~~~~~~~~~~~~~~~~~~~~~~~~~~~^^
  File "C:\mutuelle_app\venv\Lib\site-packages\jinja2\environment.py", line 942, in handle_exception
    raise rewrite_traceback_stack(source=source)
  File "C:\mutuelle_app\templates\errors\500.html", line 2, in top-level template code
    {% extends "base.html" %}
  File "C:\mutuelle_app\templates\base.html", line 174, in top-level template code
    <a class="nav-link" href="{{ url_for('#') }}">
    
  File "C:\mutuelle_app\venv\Lib\site-packages\flask\app.py", line 1071, in url_for
    return self.handle_url_build_error(error, endpoint, values)
           ~~~~~~~~~~~~~~~~~~~~~~~~~~~^^^^^^^^^^^^^^^^^^^^^^^^^
  File "C:\mutuelle_app\venv\Lib\site-packages\flask\app.py", line 1060, in url_for
    rv = url_adapter.build(  # type: ignore[union-attr]
        endpoint,
    ...<3 lines>...
        force_external=_external,
    )
  File "C:\mutuelle_app\venv\Lib\site-packages\werkzeug\routing\map.py", line 919, in build
    raise BuildError(endpoint, values, method, self)
werkzeug.routing.exceptions.BuildError: Could not build url for endpoint '#'. Did you mean 'static' instead?
2026-07-06 14:55:16,393 - app - ERROR - Exception on /favicon.ico [GET]
Traceback (most recent call last):
  File "C:\mutuelle_app\venv\Lib\site-packages\flask\app.py", line 867, in full_dispatch_request
    rv = self.dispatch_request()
  File "C:\mutuelle_app\venv\Lib\site-packages\flask\app.py", line 841, in dispatch_request
    self.raise_routing_exception(req)
    ~~~~~~~~~~~~~~~~~~~~~~~~~~~~^^^^^
  File "C:\mutuelle_app\venv\Lib\site-packages\flask\app.py", line 450, in raise_routing_exception
    raise request.routing_exception  # type: ignore
    ^^^^^^^^^^^^^^^^^^^^^^^^^^^^^^^
  File "C:\mutuelle_app\venv\Lib\site-packages\flask\ctx.py", line 353, in match_request
    result = self.url_adapter.match(return_rule=True)  # type: ignore
  File "C:\mutuelle_app\venv\Lib\site-packages\werkzeug\routing\map.py", line 624, in match
    raise NotFound() from None
werkzeug.exceptions.NotFound: 404 Not Found: The requested URL was not found on the server. If you entered the URL manually please check your spelling and try again.

During handling of the above exception, another exception occurred:

Traceback (most recent call last):
  File "C:\mutuelle_app\venv\Lib\site-packages\flask\app.py", line 1455, in wsgi_app
    response = self.full_dispatch_request()
  File "C:\mutuelle_app\venv\Lib\site-packages\flask\app.py", line 869, in full_dispatch_request
    rv = self.handle_user_exception(e)
  File "C:\mutuelle_app\venv\Lib\site-packages\flask\app.py", line 752, in handle_user_exception
    return self.handle_http_exception(e)
           ~~~~~~~~~~~~~~~~~~~~~~~~~~^^^
  File "C:\mutuelle_app\venv\Lib\site-packages\flask\app.py", line 727, in handle_http_exception
    return self.ensure_sync(handler)(e)
           ~~~~~~~~~~~~~~~~~~~~~~~~~^^^
  File "C:\mutuelle_app\app.py", line 1694, in page_not_found
    return render_template('errors/404.html'), 404
           ~~~~~~~~~~~~~~~^^^^^^^^^^^^^^^^^^^
  File "C:\mutuelle_app\venv\Lib\site-packages\flask\templating.py", line 152, in render_template
    return _render(app, template, context)
  File "C:\mutuelle_app\venv\Lib\site-packages\flask\templating.py", line 133, in _render
    rv = template.render(context)
  File "C:\mutuelle_app\venv\Lib\site-packages\jinja2\environment.py", line 1295, in render
    self.environment.handle_exception()
    ~~~~~~~~~~~~~~~~~~~~~~~~~~~~~~~~~^^
  File "C:\mutuelle_app\venv\Lib\site-packages\jinja2\environment.py", line 942, in handle_exception
    raise rewrite_traceback_stack(source=source)
  File "C:\mutuelle_app\templates\errors\404.html", line 2, in top-level template code
    {% extends "base.html" %}
  File "C:\mutuelle_app\templates\base.html", line 174, in top-level template code
    <a class="nav-link" href="{{ url_for('#') }}">
    
  File "C:\mutuelle_app\venv\Lib\site-packages\flask\app.py", line 1071, in url_for
    return self.handle_url_build_error(error, endpoint, values)
           ~~~~~~~~~~~~~~~~~~~~~~~~~~~^^^^^^^^^^^^^^^^^^^^^^^^^
  File "C:\mutuelle_app\venv\Lib\site-packages\flask\app.py", line 1060, in url_for
    rv = url_adapter.build(  # type: ignore[union-attr]
        endpoint,
    ...<3 lines>...
        force_external=_external,
    )
  File "C:\mutuelle_app\venv\Lib\site-packages\werkzeug\routing\map.py", line 919, in build
    raise BuildError(endpoint, values, method, self)
werkzeug.routing.exceptions.BuildError: Could not build url for endpoint '#'. Did you mean 'static' instead?
2026-07-06 14:55:16,399 - waitress - ERROR - Exception while serving /favicon.ico
Traceback (most recent call last):
  File "C:\mutuelle_app\venv\Lib\site-packages\flask\app.py", line 867, in full_dispatch_request
    rv = self.dispatch_request()
  File "C:\mutuelle_app\venv\Lib\site-packages\flask\app.py", line 841, in dispatch_request
    self.raise_routing_exception(req)
    ~~~~~~~~~~~~~~~~~~~~~~~~~~~~^^^^^
  File "C:\mutuelle_app\venv\Lib\site-packages\flask\app.py", line 450, in raise_routing_exception
    raise request.routing_exception  # type: ignore
    ^^^^^^^^^^^^^^^^^^^^^^^^^^^^^^^
  File "C:\mutuelle_app\venv\Lib\site-packages\flask\ctx.py", line 353, in match_request
    result = self.url_adapter.match(return_rule=True)  # type: ignore
  File "C:\mutuelle_app\venv\Lib\site-packages\werkzeug\routing\map.py", line 624, in match
    raise NotFound() from None
werkzeug.exceptions.NotFound: 404 Not Found: The requested URL was not found on the server. If you entered the URL manually please check your spelling and try again.

During handling of the above exception, another exception occurred:

Traceback (most recent call last):
  File "C:\mutuelle_app\venv\Lib\site-packages\flask\app.py", line 1455, in wsgi_app
    response = self.full_dispatch_request()
  File "C:\mutuelle_app\venv\Lib\site-packages\flask\app.py", line 869, in full_dispatch_request
    rv = self.handle_user_exception(e)
  File "C:\mutuelle_app\venv\Lib\site-packages\flask\app.py", line 752, in handle_user_exception
    return self.handle_http_exception(e)
           ~~~~~~~~~~~~~~~~~~~~~~~~~~^^^
  File "C:\mutuelle_app\venv\Lib\site-packages\flask\app.py", line 727, in handle_http_exception
    return self.ensure_sync(handler)(e)
           ~~~~~~~~~~~~~~~~~~~~~~~~~^^^
  File "C:\mutuelle_app\app.py", line 1694, in page_not_found
    return render_template('errors/404.html'), 404
           ~~~~~~~~~~~~~~~^^^^^^^^^^^^^^^^^^^
  File "C:\mutuelle_app\venv\Lib\site-packages\flask\templating.py", line 152, in render_template
    return _render(app, template, context)
  File "C:\mutuelle_app\venv\Lib\site-packages\flask\templating.py", line 133, in _render
    rv = template.render(context)
  File "C:\mutuelle_app\venv\Lib\site-packages\jinja2\environment.py", line 1295, in render
    self.environment.handle_exception()
    ~~~~~~~~~~~~~~~~~~~~~~~~~~~~~~~~~^^
  File "C:\mutuelle_app\venv\Lib\site-packages\jinja2\environment.py", line 942, in handle_exception
    raise rewrite_traceback_stack(source=source)
  File "C:\mutuelle_app\templates\errors\404.html", line 2, in top-level template code
    {% extends "base.html" %}
  File "C:\mutuelle_app\templates\base.html", line 174, in top-level template code
    <a class="nav-link" href="{{ url_for('#') }}">
    
  File "C:\mutuelle_app\venv\Lib\site-packages\flask\app.py", line 1071, in url_for
    return self.handle_url_build_error(error, endpoint, values)
           ~~~~~~~~~~~~~~~~~~~~~~~~~~~^^^^^^^^^^^^^^^^^^^^^^^^^
  File "C:\mutuelle_app\venv\Lib\site-packages\flask\app.py", line 1060, in url_for
    rv = url_adapter.build(  # type: ignore[union-attr]
        endpoint,
    ...<3 lines>...
        force_external=_external,
    )
  File "C:\mutuelle_app\venv\Lib\site-packages\werkzeug\routing\map.py", line 919, in build
    raise BuildError(endpoint, values, method, self)
werkzeug.routing.exceptions.BuildError: Could not build url for endpoint '#'. Did you mean 'static' instead?

During handling of the above exception, another exception occurred:

Traceback (most recent call last):
  File "C:\mutuelle_app\venv\Lib\site-packages\waitress\channel.py", line 428, in service
    task.service()
    ~~~~~~~~~~~~^^
  File "C:\mutuelle_app\venv\Lib\site-packages\waitress\task.py", line 168, in service
    self.execute()
    ~~~~~~~~~~~~^^
  File "C:\mutuelle_app\venv\Lib\site-packages\waitress\task.py", line 436, in execute
    app_iter = self.channel.server.application(environ, start_response)
  File "C:\mutuelle_app\venv\Lib\site-packages\waitress\proxy_headers.py", line 64, in translate_proxy_headers
    return app(environ, start_response)
  File "C:\mutuelle_app\venv\Lib\site-packages\flask\app.py", line 1478, in __call__
    return self.wsgi_app(environ, start_response)
           ~~~~~~~~~~~~~^^^^^^^^^^^^^^^^^^^^^^^^^
  File "C:\mutuelle_app\venv\Lib\site-packages\flask\app.py", line 1458, in wsgi_app
    response = self.handle_exception(e)
  File "C:\mutuelle_app\venv\Lib\site-packages\flask\app.py", line 810, in handle_exception
    server_error = self.ensure_sync(handler)(server_error)
  File "C:\mutuelle_app\app.py", line 1704, in internal_server_error
    return render_template('errors/500.html'), 500
           ~~~~~~~~~~~~~~~^^^^^^^^^^^^^^^^^^^
  File "C:\mutuelle_app\venv\Lib\site-packages\flask\templating.py", line 152, in render_template
    return _render(app, template, context)
  File "C:\mutuelle_app\venv\Lib\site-packages\flask\templating.py", line 133, in _render
    rv = template.render(context)
  File "C:\mutuelle_app\venv\Lib\site-packages\jinja2\environment.py", line 1295, in render
    self.environment.handle_exception()
    ~~~~~~~~~~~~~~~~~~~~~~~~~~~~~~~~~^^
  File "C:\mutuelle_app\venv\Lib\site-packages\jinja2\environment.py", line 942, in handle_exception
    raise rewrite_traceback_stack(source=source)
  File "C:\mutuelle_app\templates\errors\500.html", line 2, in top-level template code
    {% extends "base.html" %}
  File "C:\mutuelle_app\templates\base.html", line 174, in top-level template code
    <a class="nav-link" href="{{ url_for('#') }}">
    
  File "C:\mutuelle_app\venv\Lib\site-packages\flask\app.py", line 1071, in url_for
    return self.handle_url_build_error(error, endpoint, values)
           ~~~~~~~~~~~~~~~~~~~~~~~~~~~^^^^^^^^^^^^^^^^^^^^^^^^^
  File "C:\mutuelle_app\venv\Lib\site-packages\flask\app.py", line 1060, in url_for
    rv = url_adapter.build(  # type: ignore[union-attr]
        endpoint,
    ...<3 lines>...
        force_external=_external,
    )
  File "C:\mutuelle_app\venv\Lib\site-packages\werkzeug\routing\map.py", line 919, in build
    raise BuildError(endpoint, values, method, self)
werkzeug.routing.exceptions.BuildError: Could not build url for endpoint '#'. Did you mean 'static' instead?
2026-07-06 14:55:29,865 - app - ERROR - Exception on / [GET]
Traceback (most recent call last):
  File "C:\mutuelle_app\venv\Lib\site-packages\flask\app.py", line 1455, in wsgi_app
    response = self.full_dispatch_request()
  File "C:\mutuelle_app\venv\Lib\site-packages\flask\app.py", line 869, in full_dispatch_request
    rv = self.handle_user_exception(e)
  File "C:\mutuelle_app\venv\Lib\site-packages\flask\app.py", line 867, in full_dispatch_request
    rv = self.dispatch_request()
  File "C:\mutuelle_app\venv\Lib\site-packages\flask\app.py", line 852, in dispatch_request
    return self.ensure_sync(self.view_functions[rule.endpoint])(**view_args)
           ~~~~~~~~~~~~~~~~~~~~~~~~~~~~~~~~~~~~~~~~~~~~~~~~~~~~^^^^^^^^^^^^^
  File "C:\mutuelle_app\app.py", line 258, in index
    return render_template('index.html')
  File "C:\mutuelle_app\venv\Lib\site-packages\flask\templating.py", line 152, in render_template
    return _render(app, template, context)
  File "C:\mutuelle_app\venv\Lib\site-packages\flask\templating.py", line 133, in _render
    rv = template.render(context)
  File "C:\mutuelle_app\venv\Lib\site-packages\jinja2\environment.py", line 1295, in render
    self.environment.handle_exception()
    ~~~~~~~~~~~~~~~~~~~~~~~~~~~~~~~~~^^
  File "C:\mutuelle_app\venv\Lib\site-packages\jinja2\environment.py", line 942, in handle_exception
    raise rewrite_traceback_stack(source=source)
  File "C:\mutuelle_app\templates\index.html", line 1, in top-level template code
    {% extends "base.html" %}
  File "C:\mutuelle_app\templates\base.html", line 174, in top-level template code
    <a class="nav-link" href="{{ url_for('#') }}">
    
  File "C:\mutuelle_app\venv\Lib\site-packages\flask\app.py", line 1071, in url_for
    return self.handle_url_build_error(error, endpoint, values)
           ~~~~~~~~~~~~~~~~~~~~~~~~~~~^^^^^^^^^^^^^^^^^^^^^^^^^
  File "C:\mutuelle_app\venv\Lib\site-packages\flask\app.py", line 1060, in url_for
    rv = url_adapter.build(  # type: ignore[union-attr]
        endpoint,
    ...<3 lines>...
        force_external=_external,
    )
  File "C:\mutuelle_app\venv\Lib\site-packages\werkzeug\routing\map.py", line 919, in build
    raise BuildError(endpoint, values, method, self)
werkzeug.routing.exceptions.BuildError: Could not build url for endpoint '#'. Did you mean 'static' instead?
2026-07-06 14:55:29,870 - waitress - ERROR - Exception while serving /
Traceback (most recent call last):
  File "C:\mutuelle_app\venv\Lib\site-packages\flask\app.py", line 1455, in wsgi_app
    response = self.full_dispatch_request()
  File "C:\mutuelle_app\venv\Lib\site-packages\flask\app.py", line 869, in full_dispatch_request
    rv = self.handle_user_exception(e)
  File "C:\mutuelle_app\venv\Lib\site-packages\flask\app.py", line 867, in full_dispatch_request
    rv = self.dispatch_request()
  File "C:\mutuelle_app\venv\Lib\site-packages\flask\app.py", line 852, in dispatch_request
    return self.ensure_sync(self.view_functions[rule.endpoint])(**view_args)
           ~~~~~~~~~~~~~~~~~~~~~~~~~~~~~~~~~~~~~~~~~~~~~~~~~~~~^^^^^^^^^^^^^
  File "C:\mutuelle_app\app.py", line 258, in index
    return render_template('index.html')
  File "C:\mutuelle_app\venv\Lib\site-packages\flask\templating.py", line 152, in render_template
    return _render(app, template, context)
  File "C:\mutuelle_app\venv\Lib\site-packages\flask\templating.py", line 133, in _render
    rv = template.render(context)
  File "C:\mutuelle_app\venv\Lib\site-packages\jinja2\environment.py", line 1295, in render
    self.environment.handle_exception()
    ~~~~~~~~~~~~~~~~~~~~~~~~~~~~~~~~~^^
  File "C:\mutuelle_app\venv\Lib\site-packages\jinja2\environment.py", line 942, in handle_exception
    raise rewrite_traceback_stack(source=source)
  File "C:\mutuelle_app\templates\index.html", line 1, in top-level template code
    {% extends "base.html" %}
  File "C:\mutuelle_app\templates\base.html", line 174, in top-level template code
    <a class="nav-link" href="{{ url_for('#') }}">
    
  File "C:\mutuelle_app\venv\Lib\site-packages\flask\app.py", line 1071, in url_for
    return self.handle_url_build_error(error, endpoint, values)
           ~~~~~~~~~~~~~~~~~~~~~~~~~~~^^^^^^^^^^^^^^^^^^^^^^^^^
  File "C:\mutuelle_app\venv\Lib\site-packages\flask\app.py", line 1060, in url_for
    rv = url_adapter.build(  # type: ignore[union-attr]
        endpoint,
    ...<3 lines>...
        force_external=_external,
    )
  File "C:\mutuelle_app\venv\Lib\site-packages\werkzeug\routing\map.py", line 919, in build
    raise BuildError(endpoint, values, method, self)
werkzeug.routing.exceptions.BuildError: Could not build url for endpoint '#'. Did you mean 'static' instead?

During handling of the above exception, another exception occurred:

Traceback (most recent call last):
  File "C:\mutuelle_app\venv\Lib\site-packages\waitress\channel.py", line 428, in service
    task.service()
    ~~~~~~~~~~~~^^
  File "C:\mutuelle_app\venv\Lib\site-packages\waitress\task.py", line 168, in service
    self.execute()
    ~~~~~~~~~~~~^^
  File "C:\mutuelle_app\venv\Lib\site-packages\waitress\task.py", line 436, in execute
    app_iter = self.channel.server.application(environ, start_response)
  File "C:\mutuelle_app\venv\Lib\site-packages\waitress\proxy_headers.py", line 64, in translate_proxy_headers
    return app(environ, start_response)
  File "C:\mutuelle_app\venv\Lib\site-packages\flask\app.py", line 1478, in __call__
    return self.wsgi_app(environ, start_response)
           ~~~~~~~~~~~~~^^^^^^^^^^^^^^^^^^^^^^^^^
  File "C:\mutuelle_app\venv\Lib\site-packages\flask\app.py", line 1458, in wsgi_app
    response = self.handle_exception(e)
  File "C:\mutuelle_app\venv\Lib\site-packages\flask\app.py", line 810, in handle_exception
    server_error = self.ensure_sync(handler)(server_error)
  File "C:\mutuelle_app\app.py", line 1704, in internal_server_error
    return render_template('errors/500.html'), 500
           ~~~~~~~~~~~~~~~^^^^^^^^^^^^^^^^^^^
  File "C:\mutuelle_app\venv\Lib\site-packages\flask\templating.py", line 152, in render_template
    return _render(app, template, context)
  File "C:\mutuelle_app\venv\Lib\site-packages\flask\templating.py", line 133, in _render
    rv = template.render(context)
  File "C:\mutuelle_app\venv\Lib\site-packages\jinja2\environment.py", line 1295, in render
    self.environment.handle_exception()
    ~~~~~~~~~~~~~~~~~~~~~~~~~~~~~~~~~^^
  File "C:\mutuelle_app\venv\Lib\site-packages\jinja2\environment.py", line 942, in handle_exception
    raise rewrite_traceback_stack(source=source)
  File "C:\mutuelle_app\templates\errors\500.html", line 2, in top-level template code
    {% extends "base.html" %}
  File "C:\mutuelle_app\templates\base.html", line 174, in top-level template code
    <a class="nav-link" href="{{ url_for('#') }}">
    
  File "C:\mutuelle_app\venv\Lib\site-packages\flask\app.py", line 1071, in url_for
    return self.handle_url_build_error(error, endpoint, values)
           ~~~~~~~~~~~~~~~~~~~~~~~~~~~^^^^^^^^^^^^^^^^^^^^^^^^^
  File "C:\mutuelle_app\venv\Lib\site-packages\flask\app.py", line 1060, in url_for
    rv = url_adapter.build(  # type: ignore[union-attr]
        endpoint,
    ...<3 lines>...
        force_external=_external,
    )
  File "C:\mutuelle_app\venv\Lib\site-packages\werkzeug\routing\map.py", line 919, in build
    raise BuildError(endpoint, values, method, self)
werkzeug.routing.exceptions.BuildError: Could not build url for endpoint '#'. Did you mean 'static' instead?
2026-07-06 14:55:29,916 - app - ERROR - Exception on /favicon.ico [GET]
Traceback (most recent call last):
  File "C:\mutuelle_app\venv\Lib\site-packages\flask\app.py", line 867, in full_dispatch_request
    rv = self.dispatch_request()
  File "C:\mutuelle_app\venv\Lib\site-packages\flask\app.py", line 841, in dispatch_request
    self.raise_routing_exception(req)
    ~~~~~~~~~~~~~~~~~~~~~~~~~~~~^^^^^
  File "C:\mutuelle_app\venv\Lib\site-packages\flask\app.py", line 450, in raise_routing_exception
    raise request.routing_exception  # type: ignore
    ^^^^^^^^^^^^^^^^^^^^^^^^^^^^^^^
  File "C:\mutuelle_app\venv\Lib\site-packages\flask\ctx.py", line 353, in match_request
    result = self.url_adapter.match(return_rule=True)  # type: ignore
  File "C:\mutuelle_app\venv\Lib\site-packages\werkzeug\routing\map.py", line 624, in match
    raise NotFound() from None
werkzeug.exceptions.NotFound: 404 Not Found: The requested URL was not found on the server. If you entered the URL manually please check your spelling and try again.

During handling of the above exception, another exception occurred:

Traceback (most recent call last):
  File "C:\mutuelle_app\venv\Lib\site-packages\flask\app.py", line 1455, in wsgi_app
    response = self.full_dispatch_request()
  File "C:\mutuelle_app\venv\Lib\site-packages\flask\app.py", line 869, in full_dispatch_request
    rv = self.handle_user_exception(e)
  File "C:\mutuelle_app\venv\Lib\site-packages\flask\app.py", line 752, in handle_user_exception
    return self.handle_http_exception(e)
           ~~~~~~~~~~~~~~~~~~~~~~~~~~^^^
  File "C:\mutuelle_app\venv\Lib\site-packages\flask\app.py", line 727, in handle_http_exception
    return self.ensure_sync(handler)(e)
           ~~~~~~~~~~~~~~~~~~~~~~~~~^^^
  File "C:\mutuelle_app\app.py", line 1694, in page_not_found
    return render_template('errors/404.html'), 404
           ~~~~~~~~~~~~~~~^^^^^^^^^^^^^^^^^^^
  File "C:\mutuelle_app\venv\Lib\site-packages\flask\templating.py", line 152, in render_template
    return _render(app, template, context)
  File "C:\mutuelle_app\venv\Lib\site-packages\flask\templating.py", line 133, in _render
    rv = template.render(context)
  File "C:\mutuelle_app\venv\Lib\site-packages\jinja2\environment.py", line 1295, in render
    self.environment.handle_exception()
    ~~~~~~~~~~~~~~~~~~~~~~~~~~~~~~~~~^^
  File "C:\mutuelle_app\venv\Lib\site-packages\jinja2\environment.py", line 942, in handle_exception
    raise rewrite_traceback_stack(source=source)
  File "C:\mutuelle_app\templates\errors\404.html", line 2, in top-level template code
    {% extends "base.html" %}
  File "C:\mutuelle_app\templates\base.html", line 174, in top-level template code
    <a class="nav-link" href="{{ url_for('#') }}">
    
  File "C:\mutuelle_app\venv\Lib\site-packages\flask\app.py", line 1071, in url_for
    return self.handle_url_build_error(error, endpoint, values)
           ~~~~~~~~~~~~~~~~~~~~~~~~~~~^^^^^^^^^^^^^^^^^^^^^^^^^
  File "C:\mutuelle_app\venv\Lib\site-packages\flask\app.py", line 1060, in url_for
    rv = url_adapter.build(  # type: ignore[union-attr]
        endpoint,
    ...<3 lines>...
        force_external=_external,
    )
  File "C:\mutuelle_app\venv\Lib\site-packages\werkzeug\routing\map.py", line 919, in build
    raise BuildError(endpoint, values, method, self)
werkzeug.routing.exceptions.BuildError: Could not build url for endpoint '#'. Did you mean 'static' instead?
2026-07-06 14:55:29,921 - waitress - ERROR - Exception while serving /favicon.ico
Traceback (most recent call last):
  File "C:\mutuelle_app\venv\Lib\site-packages\flask\app.py", line 867, in full_dispatch_request
    rv = self.dispatch_request()
  File "C:\mutuelle_app\venv\Lib\site-packages\flask\app.py", line 841, in dispatch_request
    self.raise_routing_exception(req)
    ~~~~~~~~~~~~~~~~~~~~~~~~~~~~^^^^^
  File "C:\mutuelle_app\venv\Lib\site-packages\flask\app.py", line 450, in raise_routing_exception
    raise request.routing_exception  # type: ignore
    ^^^^^^^^^^^^^^^^^^^^^^^^^^^^^^^
  File "C:\mutuelle_app\venv\Lib\site-packages\flask\ctx.py", line 353, in match_request
    result = self.url_adapter.match(return_rule=True)  # type: ignore
  File "C:\mutuelle_app\venv\Lib\site-packages\werkzeug\routing\map.py", line 624, in match
    raise NotFound() from None
werkzeug.exceptions.NotFound: 404 Not Found: The requested URL was not found on the server. If you entered the URL manually please check your spelling and try again.

During handling of the above exception, another exception occurred:

Traceback (most recent call last):
  File "C:\mutuelle_app\venv\Lib\site-packages\flask\app.py", line 1455, in wsgi_app
    response = self.full_dispatch_request()
  File "C:\mutuelle_app\venv\Lib\site-packages\flask\app.py", line 869, in full_dispatch_request
    rv = self.handle_user_exception(e)
  File "C:\mutuelle_app\venv\Lib\site-packages\flask\app.py", line 752, in handle_user_exception
    return self.handle_http_exception(e)
           ~~~~~~~~~~~~~~~~~~~~~~~~~~^^^
  File "C:\mutuelle_app\venv\Lib\site-packages\flask\app.py", line 727, in handle_http_exception
    return self.ensure_sync(handler)(e)
           ~~~~~~~~~~~~~~~~~~~~~~~~~^^^
  File "C:\mutuelle_app\app.py", line 1694, in page_not_found
    return render_template('errors/404.html'), 404
           ~~~~~~~~~~~~~~~^^^^^^^^^^^^^^^^^^^
  File "C:\mutuelle_app\venv\Lib\site-packages\flask\templating.py", line 152, in render_template
    return _render(app, template, context)
  File "C:\mutuelle_app\venv\Lib\site-packages\flask\templating.py", line 133, in _render
    rv = template.render(context)
  File "C:\mutuelle_app\venv\Lib\site-packages\jinja2\environment.py", line 1295, in render
    self.environment.handle_exception()
    ~~~~~~~~~~~~~~~~~~~~~~~~~~~~~~~~~^^
  File "C:\mutuelle_app\venv\Lib\site-packages\jinja2\environment.py", line 942, in handle_exception
    raise rewrite_traceback_stack(source=source)
  File "C:\mutuelle_app\templates\errors\404.html", line 2, in top-level template code
    {% extends "base.html" %}
  File "C:\mutuelle_app\templates\base.html", line 174, in top-level template code
    <a class="nav-link" href="{{ url_for('#') }}">
    
  File "C:\mutuelle_app\venv\Lib\site-packages\flask\app.py", line 1071, in url_for
    return self.handle_url_build_error(error, endpoint, values)
           ~~~~~~~~~~~~~~~~~~~~~~~~~~~^^^^^^^^^^^^^^^^^^^^^^^^^
  File "C:\mutuelle_app\venv\Lib\site-packages\flask\app.py", line 1060, in url_for
    rv = url_adapter.build(  # type: ignore[union-attr]
        endpoint,
    ...<3 lines>...
        force_external=_external,
    )
  File "C:\mutuelle_app\venv\Lib\site-packages\werkzeug\routing\map.py", line 919, in build
    raise BuildError(endpoint, values, method, self)
werkzeug.routing.exceptions.BuildError: Could not build url for endpoint '#'. Did you mean 'static' instead?

During handling of the above exception, another exception occurred:

Traceback (most recent call last):
  File "C:\mutuelle_app\venv\Lib\site-packages\waitress\channel.py", line 428, in service
    task.service()
    ~~~~~~~~~~~~^^
  File "C:\mutuelle_app\venv\Lib\site-packages\waitress\task.py", line 168, in service
    self.execute()
    ~~~~~~~~~~~~^^
  File "C:\mutuelle_app\venv\Lib\site-packages\waitress\task.py", line 436, in execute
    app_iter = self.channel.server.application(environ, start_response)
  File "C:\mutuelle_app\venv\Lib\site-packages\waitress\proxy_headers.py", line 64, in translate_proxy_headers
    return app(environ, start_response)
  File "C:\mutuelle_app\venv\Lib\site-packages\flask\app.py", line 1478, in __call__
    return self.wsgi_app(environ, start_response)
           ~~~~~~~~~~~~~^^^^^^^^^^^^^^^^^^^^^^^^^
  File "C:\mutuelle_app\venv\Lib\site-packages\flask\app.py", line 1458, in wsgi_app
    response = self.handle_exception(e)
  File "C:\mutuelle_app\venv\Lib\site-packages\flask\app.py", line 810, in handle_exception
    server_error = self.ensure_sync(handler)(server_error)
  File "C:\mutuelle_app\app.py", line 1704, in internal_server_error
    return render_template('errors/500.html'), 500
           ~~~~~~~~~~~~~~~^^^^^^^^^^^^^^^^^^^
  File "C:\mutuelle_app\venv\Lib\site-packages\flask\templating.py", line 152, in render_template
    return _render(app, template, context)
  File "C:\mutuelle_app\venv\Lib\site-packages\flask\templating.py", line 133, in _render
    rv = template.render(context)
  File "C:\mutuelle_app\venv\Lib\site-packages\jinja2\environment.py", line 1295, in render
    self.environment.handle_exception()
    ~~~~~~~~~~~~~~~~~~~~~~~~~~~~~~~~~^^
  File "C:\mutuelle_app\venv\Lib\site-packages\jinja2\environment.py", line 942, in handle_exception
    raise rewrite_traceback_stack(source=source)
  File "C:\mutuelle_app\templates\errors\500.html", line 2, in top-level template code
    {% extends "base.html" %}
  File "C:\mutuelle_app\templates\base.html", line 174, in top-level template code
    <a class="nav-link" href="{{ url_for('#') }}">
    
  File "C:\mutuelle_app\venv\Lib\site-packages\flask\app.py", line 1071, in url_for
    return self.handle_url_build_error(error, endpoint, values)
           ~~~~~~~~~~~~~~~~~~~~~~~~~~~^^^^^^^^^^^^^^^^^^^^^^^^^
  File "C:\mutuelle_app\venv\Lib\site-packages\flask\app.py", line 1060, in url_for
    rv = url_adapter.build(  # type: ignore[union-attr]
        endpoint,
    ...<3 lines>...
        force_external=_external,
    )
  File "C:\mutuelle_app\venv\Lib\site-packages\werkzeug\routing\map.py", line 919, in build
    raise BuildError(endpoint, values, method, self)
werkzeug.routing.exceptions.BuildError: Could not build url for endpoint '#'. Did you mean 'static' instead?
